<?xml version="1.0" encoding="utf-8" standalone="no"?>
<!--This file represents the results of running a test suite-->
<test-results name="C:\Users\Cyberkruz\Projects\Rentler\BalancedSharp\src\Tests.nunit" total="5" errors="0" failures="0" not-run="0" inconclusive="0" ignored="0" skipped="0" invalid="0" date="2013-02-28" time="01:35:08">
  <environment nunit-version="2.6.2.12296" clr-version="2.0.50727.5466" os-version="Microsoft Windows NT 6.1.7601 Service Pack 1" platform="Win32NT" cwd="C:\Users\Cyberkruz\Utils\NUnit-2.6.2\bin" machine-name="LAPTASTIC" user="Cyberkruz" user-domain="Laptastic" />
  <culture-info current-culture="en-US" current-uiculture="en-US" />
  <test-suite type="Project" name="C:\Users\Cyberkruz\Projects\Rentler\BalancedSharp\src\Tests.nunit" executed="True" result="Success" success="True" time="0.137" asserts="0">
    <results>
      <test-suite type="Assembly" name="C:\Users\Cyberkruz\Projects\Rentler\BalancedSharp\src\BalancedSharp.Tests\bin\Debug\BalancedSharp.Tests.dll" executed="True" result="Success" success="True" time="0.137" asserts="0">
        <results>
          <test-suite type="Namespace" name="BalancedSharp" executed="True" result="Success" success="True" time="0.136" asserts="0">
            <results>
              <test-suite type="Namespace" name="Tests" executed="True" result="Success" success="True" time="0.136" asserts="0">
                <results>
                  <test-suite type="TestFixture" name="DcJsonBalancedSerializerTests" executed="True" result="Success" success="True" time="0.111" asserts="0">
                    <results>
                      <test-case name="BalancedSharp.Tests.DcJsonBalancedSerializerTests.DeSerialize_String_Success" executed="True" result="Success" success="True" time="0.105" asserts="1" />
                      <test-case name="BalancedSharp.Tests.DcJsonBalancedSerializerTests.Serialize_String_Success" executed="True" result="Success" success="True" time="0.000" asserts="1" />
                    </results>
                  </test-suite>
                  <test-suite type="TestFixture" name="HttpWebRequestRestTests" executed="True" result="Success" success="True" time="0.021" asserts="0">
                    <results>
                      <test-case name="BalancedSharp.Tests.HttpWebRequestRestTests.BuildParameters_Empty_EmptyString" executed="True" result="Success" success="True" time="0.001" asserts="1" />
                      <test-case name="BalancedSharp.Tests.HttpWebRequestRestTests.BuildParameters_Null_EmptyString" executed="True" result="Success" success="True" time="0.001" asserts="1" />
                      <test-case name="BalancedSharp.Tests.HttpWebRequestRestTests.BuildParameters_Success" executed="True" result="Success" success="True" time="0.011" asserts="1" />
                    </results>
                  </test-suite>
                </results>
              </test-suite>
            </results>
          </test-suite>
        </results>
      </test-suite>
    </results>
  </test-suite>
</test-results>